<?xml version="1.0" encoding="UTF-8"?>
<testsuite name="co.edu.unal.paralela.MatrixMultiplyTest" time="48.648" tests="2" errors="0" skipped="0" failures="2">
  <properties>
[...]
</properties>
  <testcase name="testPar512_x_512" classname="co.edu.unal.paralela.MatrixMultiplyTest" time="9.178">
    <failure message="It was expected that the parallel implementation would run at least 7.200000x faster, but it only achieved 6.000000x speedup" type="junit.framework.AssertionFailedError">junit.framework.AssertionFailedError: It was expected that the parallel implementation would run at least 7.200000x faster, but it only achieved 6.000000x speedup
	at junit.framework.Assert.fail(Assert.java:47)
	at junit.framework.Assert.assertTrue(Assert.java:20)
	at co.edu.unal.paralela.MatrixMultiplyTest.testPar512_x_512(MatrixMultiplyTest.java:116)
</failure>
  </testcase>
  <testcase name="testPar768_x_768" classname="co.edu.unal.paralela.MatrixMultiplyTest" time="39.47">
    <failure message="It was expected that the parallel implementation would run at least 7.200000x faster, but it only achieved 6.329412x speedup" type="junit.framework.AssertionFailedError">junit.framework.AssertionFailedError: It was expected that the parallel implementation would run at least 7.200000x faster, but it only achieved 6.329412x speedup
	at junit.framework.Assert.fail(Assert.java:47)
	at junit.framework.Assert.assertTrue(Assert.java:20)
	at co.edu.unal.paralela.MatrixMultiplyTest.testPar768_x_768(MatrixMultiplyTest.java:128)
</failure>
  </testcase>
</testsuite>